    INFO: 2026-02-19 13:22:15,941:               log.py:   20: Logging to /home/user/.openclaw/workspace/faivr/mdpdf.log
   DEBUG: 2026-02-19 13:22:15,941:               cli.py:  103: AUDIT_NOTES_FOR_D23E.md
    INFO: 2026-02-19 13:22:15,948:         converter.py:   14: AUDIT_NOTES_FOR_D23E.md
   DEBUG: 2026-02-19 13:22:15,957:      pdf_renderer.py:  470: printSegment: FAIVR Audit Notes for D23E
   DEBUG: 2026-02-19 13:22:15,965:      pdf_renderer.py:  470: printSegment: From:
   DEBUG: 2026-02-19 13:22:15,969:      pdf_renderer.py:  470: printSegment:  Old School GmbH (Technical Team)
   DEBUG: 2026-02-19 13:22:15,972:      pdf_renderer.py:  470: printSegment:  
   DEBUG: 2026-02-19 13:22:15,973:      pdf_renderer.py:  470: printSegment: Date:
   DEBUG: 2026-02-19 13:22:15,974:      pdf_renderer.py:  470: printSegment:  February 19, 2026
   DEBUG: 2026-02-19 13:22:15,974:      pdf_renderer.py:  470: printSegment:  
   DEBUG: 2026-02-19 13:22:15,975:      pdf_renderer.py:  470: printSegment: Re:
   DEBUG: 2026-02-19 13:22:15,976:      pdf_renderer.py:  470: printSegment:  Smart Contract Audit — Areas of Focus
   DEBUG: 2026-02-19 13:22:15,987:      pdf_renderer.py:  470: printSegment: Hi Arthur,
   DEBUG: 2026-02-19 13:22:15,988:      pdf_renderer.py:  470: printSegment: Thanks for the thorough quote — we
   DEBUG: 2026-02-19 13:22:15,989:      pdf_renderer.py:  470: printSegment: '
   DEBUG: 2026-02-19 13:22:15,990:      pdf_renderer.py:  470: printSegment: re going ahead with the smart contract audit (5,800 CHF). Below are areas we
   DEBUG: 2026-02-19 13:22:15,992:      pdf_renderer.py:  470: printSegment: '
   DEBUG: 2026-02-19 13:22:15,994:      pdf_renderer.py:  470: printSegment: d
   DEBUG: 2026-02-19 13:22:15,995:      pdf_renderer.py:  470: printSegment: like you to pay particular attention to, based on our internal review.
   DEBUG: 2026-02-19 13:22:15,996:      pdf_renderer.py:  470: printSegment: 🔴 High Priority
   DEBUG: 2026-02-19 13:22:16,157:      pdf_renderer.py:  470: printSegment: 1. FeeModule — ETH transfer gas limit
   DEBUG: 2026-02-19 13:22:16,159:      pdf_renderer.py:  470: printSegment: _sendETH
   DEBUG: 2026-02-19 13:22:16,160:      pdf_renderer.py:  470: printSegment:  uses 
   DEBUG: 2026-02-19 13:22:16,162:      pdf_renderer.py:  470: printSegment: call{value: amount, gas: 10000}
   DEBUG: 2026-02-19 13:22:16,167:      pdf_renderer.py:  470: printSegment: . If the recipient is a smart contract wallet (e.g.,
   DEBUG: 2026-02-19 13:22:16,169:      pdf_renderer.py:  470: printSegment: Gnosis Safe, smart account), 10k gas may be insufficient. The fallback to 
   DEBUG: 2026-02-19 13:22:16,170:      pdf_renderer.py:  470: printSegment: _pendingWithdrawals
   DEBUG: 2026-02-19 13:22:16,171:      pdf_renderer.py:  470: printSegment:  is meant to
   DEBUG: 2026-02-19 13:22:16,172:      pdf_renderer.py:  470: printSegment: handle this, but please verify:
   DEBUG: 2026-02-19 13:22:16,173:      pdf_renderer.py:  470: printSegment: l
   DEBUG: 2026-02-19 13:22:16,174:      pdf_renderer.py:  470: printSegment: Can the pull-withdrawal path ever leave funds stuck?
   DEBUG: 2026-02-19 13:22:16,176:      pdf_renderer.py:  470: printSegment: l
   DEBUG: 2026-02-19 13:22:16,177:      pdf_renderer.py:  470: printSegment: Is the 
   DEBUG: 2026-02-19 13:22:16,178:      pdf_renderer.py:  470: printSegment: _pendingWithdrawals
   DEBUG: 2026-02-19 13:22:16,178:      pdf_renderer.py:  470: printSegment:  accounting correct if 
   DEBUG: 2026-02-19 13:22:16,179:      pdf_renderer.py:  470: printSegment: _sendETH
   DEBUG: 2026-02-19 13:22:16,180:      pdf_renderer.py:  470: printSegment:  fails for multiple recipients in a
   DEBUG: 2026-02-19 13:22:16,181:      pdf_renderer.py:  470: printSegment: single 
   DEBUG: 2026-02-19 13:22:16,182:      pdf_renderer.py:  470: printSegment: settleTask
   DEBUG: 2026-02-19 13:22:16,182:      pdf_renderer.py:  470: printSegment:  call?
   DEBUG: 2026-02-19 13:22:16,183:      pdf_renderer.py:  470: printSegment: l
   DEBUG: 2026-02-19 13:22:16,184:      pdf_renderer.py:  470: printSegment: Can 
   DEBUG: 2026-02-19 13:22:16,185:      pdf_renderer.py:  470: printSegment: withdrawPending
   DEBUG: 2026-02-19 13:22:16,186:      pdf_renderer.py:  470: printSegment:  itself be griefed?
   DEBUG: 2026-02-19 13:22:16,187:      pdf_renderer.py:  470: printSegment: 2. FeeModule — Low-level staticcall for agent owner lookup
   DEBUG: 2026-02-19 13:22:16,188:      pdf_renderer.py:  470: printSegment: settleTask
   DEBUG: 2026-02-19 13:22:16,189:      pdf_renderer.py:  470: printSegment:  and 
   DEBUG: 2026-02-19 13:22:16,190:      pdf_renderer.py:  470: printSegment: settleTaskFor
   DEBUG: 2026-02-19 13:22:16,191:      pdf_renderer.py:  470: printSegment:  use a raw 
   DEBUG: 2026-02-19 13:22:16,192:      pdf_renderer.py:  470: printSegment: staticcall
   DEBUG: 2026-02-19 13:22:16,192:      pdf_renderer.py:  470: printSegment:  with 
   DEBUG: 2026-02-19 13:22:16,193:      pdf_renderer.py:  470: printSegment: abi.encodeWithSignature("ownerOf(uint256)", ...)
   DEBUG: 2026-02-19 13:22:16,195:      pdf_renderer.py:  470: printSegment:  instead of a typed interface. Please assess:
   DEBUG: 2026-02-19 13:22:16,195:      pdf_renderer.py:  470: printSegment: l
   DEBUG: 2026-02-19 13:22:16,197:      pdf_renderer.py:  470: printSegment: What happens if the identity registry is upgraded and 
   DEBUG: 2026-02-19 13:22:16,197:      pdf_renderer.py:  470: printSegment: ownerOf
   DEBUG: 2026-02-19 13:22:16,198:      pdf_renderer.py:  470: printSegment:  behavior changes?
   DEBUG: 2026-02-19 13:22:16,199:      pdf_renderer.py:  470: printSegment: l
   DEBUG: 2026-02-19 13:22:16,200:      pdf_renderer.py:  470: printSegment: Is the 
   DEBUG: 2026-02-19 13:22:16,201:      pdf_renderer.py:  470: printSegment: data.length >= 32
   DEBUG: 2026-02-19 13:22:16,204:      pdf_renderer.py:  470: printSegment:  check sufficient, or could a malicious/broken registry return data
   DEBUG: 2026-02-19 13:22:16,205:      pdf_renderer.py:  470: printSegment: that decodes to an attacker-controlled address?
   DEBUG: 2026-02-19 13:22:16,207:      pdf_renderer.py:  470: printSegment: 3. FeeModule — settleTask / settleTaskFor code duplication
   DEBUG: 2026-02-19 13:22:16,218:      pdf_renderer.py:  470: printSegment: These two functions contain nearly identical business logic. Please flag if there are any subtle differences that could
   DEBUG: 2026-02-19 13:22:16,220:      pdf_renderer.py:  470: printSegment: lead to inconsistent behavior, especially after future upgrades where one gets patched but not the other.
   DEBUG: 2026-02-19 13:22:16,221:      pdf_renderer.py:  470: printSegment: 4. Genesis Program — Client vs Agent semantics
   DEBUG: 2026-02-19 13:22:16,222:      pdf_renderer.py:  470: printSegment: _genesisAgents
   DEBUG: 2026-02-19 13:22:16,223:      pdf_renderer.py:  470: printSegment:  maps 
   DEBUG: 2026-02-19 13:22:16,224:      pdf_renderer.py:  470: printSegment: client addresses
   DEBUG: 2026-02-19 13:22:16,226:      pdf_renderer.py:  470: printSegment: , not agent IDs. This means a genesis client gets fee exemptions on tasks
   DEBUG: 2026-02-19 13:22:16,226:      pdf_renderer.py:  470: printSegment: for 
   DEBUG: 2026-02-19 13:22:16,228:      pdf_renderer.py:  470: printSegment: any
   DEBUG: 2026-02-19 13:22:16,231:      pdf_renderer.py:  470: printSegment:  agent, not just their own. Please confirm whether this is a security concern or just a design choice we should
   DEBUG: 2026-02-19 13:22:16,232:      pdf_renderer.py:  470: printSegment: document.
   DEBUG: 2026-02-19 13:22:16,233:      pdf_renderer.py:  470: printSegment: 5. Router — ERC20 approval target
   DEBUG: 2026-02-19 13:22:16,234:      pdf_renderer.py:  470: printSegment: Router.registerAndFund()
   DEBUG: 2026-02-19 13:22:16,235:      pdf_renderer.py:  470: printSegment:  calls 
   DEBUG: 2026-02-19 13:22:16,236:      pdf_renderer.py:  470: printSegment: feeModule.fundTaskFor()
   DEBUG: 2026-02-19 13:22:16,237:      pdf_renderer.py:  470: printSegment: , which does 
   DEBUG: 2026-02-19 13:22:16,238:      pdf_renderer.py:  470: printSegment: safeTransferFrom(client, address(feeModule), amount)
   DEBUG: 2026-02-19 13:22:16,239:      pdf_renderer.py:  470: printSegment: . The client must have approved the 
   DEBUG: 2026-02-19 13:22:16,240:      pdf_renderer.py:  470: printSegment: FeeModule
   DEBUG: 2026-02-19 13:22:16,241:      pdf_renderer.py:  470: printSegment:  contract, not the Router. Please verify there
   DEBUG: 2026-02-19 13:22:16,242:      pdf_renderer.py:  470: printSegment: '
   DEBUG: 2026-02-19 13:22:16,246:      pdf_renderer.py:  470: printSegment: s no path where a user approves the Router expecting it to
   DEBUG: 2026-02-19 13:22:16,248:      pdf_renderer.py:  470: printSegment: work, loses the tx, and their approval is left dangling.
   DEBUG: 2026-02-19 13:22:16,249:      pdf_renderer.py:  470: printSegment: 🟡 Medium Priority
   DEBUG: 2026-02-19 13:22:16,405:      pdf_renderer.py:  470: printSegment: 6. ReputationRegistry — Duplicate event parameter
   DEBUG: 2026-02-19 13:22:16,406:      pdf_renderer.py:  470: printSegment: In 
   DEBUG: 2026-02-19 13:22:16,407:      pdf_renderer.py:  470: printSegment: giveFeedback
   DEBUG: 2026-02-19 13:22:16,408:      pdf_renderer.py:  470: printSegment: , the 
   DEBUG: 2026-02-19 13:22:16,408:      pdf_renderer.py:  470: printSegment: NewFeedback
   DEBUG: 2026-02-19 13:22:16,409:      pdf_renderer.py:  470: printSegment:  event emission appears to pass 
   DEBUG: 2026-02-19 13:22:16,410:      pdf_renderer.py:  470: printSegment: tag1
   DEBUG: 2026-02-19 13:22:16,410:      pdf_renderer.py:  470: printSegment:  twice:
   DEBUG: 2026-02-19 13:22:16,413:      pdf_renderer.py:  470: printSegment: emit NewFeedback(agentId, msg.sender, feedbackIndex, value,
   DEBUG: 2026-02-19 13:22:16,413:      pdf_renderer.py:  470: printSegment: valueDecimals, tag1, tag1, tag2, ...);
   DEBUG: 2026-02-19 13:22:16,414:      pdf_renderer.py:  470: printSegment: Likely should be 
   DEBUG: 2026-02-19 13:22:16,415:      pdf_renderer.py:  470: printSegment: tag1, tag2
   DEBUG: 2026-02-19 13:22:16,415:      pdf_renderer.py:  470: printSegment:  — please confirm.
   DEBUG: 2026-02-19 13:22:16,416:      pdf_renderer.py:  470: printSegment: 7. VerificationRegistry — tokenURI linear scan
   DEBUG: 2026-02-19 13:22:16,417:      pdf_renderer.py:  470: printSegment: The 
   DEBUG: 2026-02-19 13:22:16,417:      pdf_renderer.py:  470: printSegment: tokenURI
   DEBUG: 2026-02-19 13:22:16,418:      pdf_renderer.py:  470: printSegment:  function scans from 
   DEBUG: 2026-02-19 13:22:16,419:      pdf_renderer.py:  470: printSegment: 1
   DEBUG: 2026-02-19 13:22:16,419:      pdf_renderer.py:  470: printSegment:  to 
   DEBUG: 2026-02-19 13:22:16,420:      pdf_renderer.py:  470: printSegment: _nextTokenId + 100
   DEBUG: 2026-02-19 13:22:16,421:      pdf_renderer.py:  470: printSegment:  to find the agentId for a given tokenId. The 
   DEBUG: 2026-02-19 13:22:16,421:      pdf_renderer.py:  470: printSegment: +
   DEBUG: 2026-02-19 13:22:16,422:      pdf_renderer.py:  470: printSegment: 100
   DEBUG: 2026-02-19 13:22:16,423:      pdf_renderer.py:  470: printSegment:  is arbitrary. Please assess if this could miss valid tokens or cause gas issues at scale.
   DEBUG: 2026-02-19 13:22:16,425:      pdf_renderer.py:  470: printSegment: 8. VerificationRegistry — Soulbound NFT ownership after agent transfer
   DEBUG: 2026-02-19 13:22:16,426:      pdf_renderer.py:  470: printSegment: When an agent NFT is transferred, the soulbound verification NFT remains with the original owner. The verification
   DEBUG: 2026-02-19 13:22:16,427:      pdf_renderer.py:  470: printSegment: 
   DEBUG: 2026-02-19 13:22:16,427:      pdf_renderer.py:  470: printSegment: record
   DEBUG: 2026-02-19 13:22:16,430:      pdf_renderer.py:  470: printSegment:  still points to the agentId, but the NFT holder is now stale. Is there a scenario where the old owner could
   DEBUG: 2026-02-19 13:22:16,431:      pdf_renderer.py:  470: printSegment: exploit this?
   DEBUG: 2026-02-19 13:22:16,431:      pdf_renderer.py:  470: printSegment: 9. Storage gap verification
   DEBUG: 2026-02-19 13:22:16,438:      pdf_renderer.py:  470: printSegment: We added genesis program storage (3 slots) to FeeModule and adjusted the gap to 46. Please verify all storage gap
   DEBUG: 2026-02-19 13:22:16,440:      pdf_renderer.py:  470: printSegment: arithmetic across all 6 contracts is correct for safe UUPS upgrades.
   DEBUG: 2026-02-19 13:22:16,441:      pdf_renderer.py:  470: printSegment: 10. No deadline bounds on fundTask
   DEBUG: 2026-02-19 13:22:16,441:      pdf_renderer.py:  470: printSegment: fundTask
   DEBUG: 2026-02-19 13:22:16,442:      pdf_renderer.py:  470: printSegment:  accepts any 
   DEBUG: 2026-02-19 13:22:16,443:      pdf_renderer.py:  470: printSegment: deadline
   DEBUG: 2026-02-19 13:22:16,443:      pdf_renderer.py:  470: printSegment:  value. A user could:
   DEBUG: 2026-02-19 13:22:16,444:      pdf_renderer.py:  470: printSegment: l
   DEBUG: 2026-02-19 13:22:16,445:      pdf_renderer.py:  470: printSegment: Set 
   DEBUG: 2026-02-19 13:22:16,446:      pdf_renderer.py:  470: printSegment: deadline = 1
   DEBUG: 2026-02-19 13:22:16,447:      pdf_renderer.py:  470: printSegment:  → fund and immediately reclaim in the same block
   DEBUG: 2026-02-19 13:22:16,458:      pdf_renderer.py:  470: printSegment: l
   DEBUG: 2026-02-19 13:22:16,459:      pdf_renderer.py:  470: printSegment: Set 
   DEBUG: 2026-02-19 13:22:16,460:      pdf_renderer.py:  470: printSegment: deadline = type(uint256).max
   DEBUG: 2026-02-19 13:22:16,461:      pdf_renderer.py:  470: printSegment:  → funds locked essentially forever
   DEBUG: 2026-02-19 13:22:16,462:      pdf_renderer.py:  470: printSegment: Please assess if either edge case creates issues.
   DEBUG: 2026-02-19 13:22:16,463:      pdf_renderer.py:  470: printSegment: ✅ Things we believe are solid
   DEBUG: 2026-02-19 13:22:16,464:      pdf_renderer.py:  470: printSegment: l
   DEBUG: 2026-02-19 13:22:16,465:      pdf_renderer.py:  470: printSegment: ReentrancyGuard on all state-changing FeeModule functions
   DEBUG: 2026-02-19 13:22:16,466:      pdf_renderer.py:  470: printSegment: l
   DEBUG: 2026-02-19 13:22:16,467:      pdf_renderer.py:  470: printSegment: Checks-effects-interactions in Identity
   DEBUG: 2026-02-19 13:22:16,468:      pdf_renderer.py:  470: printSegment: '
   DEBUG: 2026-02-19 13:22:16,469:      pdf_renderer.py:  470: printSegment: s 
   DEBUG: 2026-02-19 13:22:16,470:      pdf_renderer.py:  470: printSegment: _registerInternal
   DEBUG: 2026-02-19 13:22:16,471:      pdf_renderer.py:  470: printSegment:  (state set before 
   DEBUG: 2026-02-19 13:22:16,472:      pdf_renderer.py:  470: printSegment: _safeMint
   DEBUG: 2026-02-19 13:22:16,473:      pdf_renderer.py:  470: printSegment: )
   DEBUG: 2026-02-19 13:22:16,474:      pdf_renderer.py:  470: printSegment: l
   DEBUG: 2026-02-19 13:22:16,475:      pdf_renderer.py:  470: printSegment: EIP-712 + nonce-based replay protection on 
   DEBUG: 2026-02-19 13:22:16,476:      pdf_renderer.py:  470: printSegment: setAgentWallet
   DEBUG: 2026-02-19 13:22:16,477:      pdf_renderer.py:  470: printSegment: l
   DEBUG: 2026-02-19 13:22:16,478:      pdf_renderer.py:  470: printSegment: Pausable on escrow operations
   DEBUG: 2026-02-19 13:22:16,479:      pdf_renderer.py:  470: printSegment: l
   DEBUG: 2026-02-19 13:22:16,480:      pdf_renderer.py:  470: printSegment: SafeERC20 for all ERC-20 transfers
   DEBUG: 2026-02-19 13:22:16,481:      pdf_renderer.py:  470: printSegment: l
   DEBUG: 2026-02-19 13:22:16,482:      pdf_renderer.py:  470: printSegment: Access control on all admin/upgrade functions
   DEBUG: 2026-02-19 13:22:16,484:      pdf_renderer.py:  470: printSegment: Let us know if you need any additional context or access. Looking forward to working together
   DEBUG: 2026-02-19 13:22:16,485:      pdf_renderer.py:  470: printSegment: !
   DEBUG: 2026-02-19 13:22:16,486:      pdf_renderer.py:  470: printSegment: Best,
   DEBUG: 2026-02-19 13:22:16,487:      pdf_renderer.py:  470: printSegment:  
   DEBUG: 2026-02-19 13:22:16,487:      pdf_renderer.py:  470: printSegment: Old School GmbH
   DEBUG: 2026-02-19 13:22:16,488:      pdf_renderer.py:   53: 0, [1, 'FAIVR Audit Notes for D23E', 1, 68.0]
   DEBUG: 2026-02-19 13:22:16,488:      pdf_renderer.py:   53: 1, [2, '🔴 High Priority', 1, 184.0]
   DEBUG: 2026-02-19 13:22:16,489:      pdf_renderer.py:   53: 2, [3, '1. FeeModule — ETH transfer gas limit', 1, 217.20000000000002]
   DEBUG: 2026-02-19 13:22:16,489:      pdf_renderer.py:   53: 3, [3, '2. FeeModule — Low-level staticcall for agent owner lookup', 1, 348.0]
   DEBUG: 2026-02-19 13:22:16,489:      pdf_renderer.py:   53: 4, [3, '3. FeeModule — settleTask / settleTaskFor code duplication', 1, 454.79999999999995]
   DEBUG: 2026-02-19 13:22:16,489:      pdf_renderer.py:   53: 5, [3, '4. Genesis Program — Client vs Agent semantics', 1, 513.5999999999999]
   DEBUG: 2026-02-19 13:22:16,489:      pdf_renderer.py:   53: 6, [3, '5. Router — ERC20 approval target', 1, 584.3999999999999]
   DEBUG: 2026-02-19 13:22:16,489:      pdf_renderer.py:   53: 7, [2, '🟡 Medium Priority', 1, 679.5999999999998]
   DEBUG: 2026-02-19 13:22:16,489:      pdf_renderer.py:   53: 8, [3, '6. ReputationRegistry — Duplicate event parameter', 2, 72.0]
   DEBUG: 2026-02-19 13:22:16,489:      pdf_renderer.py:   53: 9, [3, '7. VerificationRegistry — tokenURI linear scan', 2, 172.8]
   DEBUG: 2026-02-19 13:22:16,489:      pdf_renderer.py:   53: 10, [3, '8. VerificationRegistry — Soulbound NFT ownership after agent transfer', 2, 231.60000000000002]
   DEBUG: 2026-02-19 13:22:16,489:      pdf_renderer.py:   53: 11, [3, '9. Storage gap verification', 2, 302.4]
   DEBUG: 2026-02-19 13:22:16,489:      pdf_renderer.py:   53: 12, [3, '10. No deadline bounds on fundTask', 2, 361.19999999999993]
   DEBUG: 2026-02-19 13:22:16,489:      pdf_renderer.py:   53: 13, [2, '✅ Things we believe are solid', 2, 474.3999999999999]
